# JRE version: OpenJDK Runtime Environment (8.0_152-b02) (build 1.8.0_152-release-1024-b02)
# Java VM: OpenJDK 64-Bit Server VM (25.152-b02 mixed mode windows-amd64 compressed oops)
Heap:
 PSYoungGen      total 136704K, used 55293K [0x00000000e0000000, 0x00000000e9700000, 0x0000000100000000)
  eden space 124928K, 34% used [0x00000000e0000000,0x00000000e2a872c8,0x00000000e7a00000)
  from space 11776K, 99% used [0x00000000e8780000,0x00000000e92f8520,0x00000000e9300000)
  to   space 13824K, 0% used [0x00000000e7a00000,0x00000000e7a00000,0x00000000e8780000)
 ParOldGen       total 186880K, used 20011K [0x00000000a0000000, 0x00000000ab680000, 0x00000000e0000000)
  object space 186880K, 10% used [0x00000000a0000000,0x00000000a138ae30,0x00000000ab680000)
 Metaspace       used 49854K, capacity 51428K, committed 51584K, reserved 1093632K
  class space    used 6783K, capacity 7204K, committed 7296K, reserved 1048576K
GC Heap History (10 events):
Event: 6.674 GC heap before
{Heap before GC invocations=6 (full 1):
 PSYoungGen      total 76288K, used 72931K [0x00000000e0000000, 0x00000000e6f00000, 0x0000000100000000)
  eden space 65536K, 100% used [0x00000000e0000000,0x00000000e4000000,0x00000000e4000000)
  from space 10752K, 68% used [0x00000000e4a80000,0x00000000e51b8f20,0x00000000e5500000)
  to   space 10752K, 0% used [0x00000000e4000000,0x00000000e4000000,0x00000000e4a80000)
 ParOldGen       total 115200K, used 8546K [0x00000000a0000000, 0x00000000a7080000, 0x00000000e0000000)
  object space 115200K, 7% used [0x00000000a0000000,0x00000000a0858998,0x00000000a7080000)
 Metaspace       used 29966K, capacity 30570K, committed 30848K, reserved 1075200K
  class space    used 4197K, capacity 4422K, committed 4480K, reserved 1048576K
Event: 6.683 GC heap after
Heap after GC invocations=6 (full 1):
 PSYoungGen      total 76288K, used 9243K [0x00000000e0000000, 0x00000000e6f80000, 0x0000000100000000)
  eden space 65536K, 0% used [0x00000000e0000000,0x00000000e0000000,0x00000000e4000000)
  from space 10752K, 85% used [0x00000000e4000000,0x00000000e4906c18,0x00000000e4a80000)
  to   space 11264K, 0% used [0x00000000e6480000,0x00000000e6480000,0x00000000e6f80000)
 ParOldGen       total 115200K, used 8554K [0x00000000a0000000, 0x00000000a7080000, 0x00000000e0000000)
  object space 115200K, 7% used [0x00000000a0000000,0x00000000a085a998,0x00000000a7080000)
 Metaspace       used 29966K, capacity 30570K, committed 30848K, reserved 1075200K
  class space    used 4197K, capacity 4422K, committed 4480K, reserved 1048576K
}
Event: 7.381 GC heap before
{Heap before GC invocations=7 (full 1):
 PSYoungGen      total 76288K, used 36066K [0x00000000e0000000, 0x00000000e6f80000, 0x0000000100000000)
  eden space 65536K, 40% used [0x00000000e0000000,0x00000000e1a31f98,0x00000000e4000000)
  from space 10752K, 85% used [0x00000000e4000000,0x00000000e4906c18,0x00000000e4a80000)
  to   space 11264K, 0% used [0x00000000e6480000,0x00000000e6480000,0x00000000e6f80000)
 ParOldGen       total 115200K, used 8554K [0x00000000a0000000, 0x00000000a7080000, 0x00000000e0000000)
  object space 115200K, 7% used [0x00000000a0000000,0x00000000a085a998,0x00000000a7080000)
 Metaspace       used 34557K, capacity 35280K, committed 35416K, reserved 1079296K
  class space    used 4767K, capacity 4998K, committed 5120K, reserved 1048576K
Event: 7.390 GC heap after
Heap after GC invocations=7 (full 1):
 PSYoungGen      total 102912K, used 9781K [0x00000000e0000000, 0x00000000e7080000, 0x0000000100000000)
  eden space 91648K, 0% used [0x00000000e0000000,0x00000000e0000000,0x00000000e5980000)
  from space 11264K, 86% used [0x00000000e6480000,0x00000000e6e0d5a8,0x00000000e6f80000)
  to   space 11264K, 0% used [0x00000000e5980000,0x00000000e5980000,0x00000000e6480000)
 ParOldGen       total 115200K, used 8562K [0x00000000a0000000, 0x00000000a7080000, 0x00000000e0000000)
  object space 115200K, 7% used [0x00000000a0000000,0x00000000a085c998,0x00000000a7080000)
 Metaspace       used 34557K, capacity 35280K, committed 35416K, reserved 1079296K
  class space    used 4767K, capacity 4998K, committed 5120K, reserved 1048576K
}
Event: 7.390 GC heap before
{Heap before GC invocations=8 (full 2):
 PSYoungGen      total 102912K, used 9781K [0x00000000e0000000, 0x00000000e7080000, 0x0000000100000000)
  eden space 91648K, 0% used [0x00000000e0000000,0x00000000e0000000,0x00000000e5980000)
  from space 11264K, 86% used [0x00000000e6480000,0x00000000e6e0d5a8,0x00000000e6f80000)
  to   space 11264K, 0% used [0x00000000e5980000,0x00000000e5980000,0x00000000e6480000)
 ParOldGen       total 115200K, used 8562K [0x00000000a0000000, 0x00000000a7080000, 0x00000000e0000000)
  object space 115200K, 7% used [0x00000000a0000000,0x00000000a085c998,0x00000000a7080000)
 Metaspace       used 34557K, capacity 35280K, committed 35416K, reserved 1079296K
  class space    used 4767K, capacity 4998K, committed 5120K, reserved 1048576K
Event: 7.435 GC heap after
Heap after GC invocations=8 (full 2):
 PSYoungGen      total 102912K, used 0K [0x00000000e0000000, 0x00000000e7080000, 0x0000000100000000)
  eden space 91648K, 0% used [0x00000000e0000000,0x00000000e0000000,0x00000000e5980000)
  from space 11264K, 0% used [0x00000000e6480000,0x00000000e6480000,0x00000000e6f80000)
  to   space 11264K, 0% used [0x00000000e5980000,0x00000000e5980000,0x00000000e6480000)
 ParOldGen       total 186880K, used 16596K [0x00000000a0000000, 0x00000000ab680000, 0x00000000e0000000)
  object space 186880K, 8% used [0x00000000a0000000,0x00000000a10352d8,0x00000000ab680000)
 Metaspace       used 34557K, capacity 35280K, committed 35416K, reserved 1079296K
  class space    used 4767K, capacity 4998K, committed 5120K, reserved 1048576K
}
Event: 8.968 GC heap before
{Heap before GC invocations=9 (full 2):
 PSYoungGen      total 102912K, used 91648K [0x00000000e0000000, 0x00000000e7080000, 0x0000000100000000)
  eden space 91648K, 100% used [0x00000000e0000000,0x00000000e5980000,0x00000000e5980000)
  from space 11264K, 0% used [0x00000000e6480000,0x00000000e6480000,0x00000000e6f80000)
  to   space 11264K, 0% used [0x00000000e5980000,0x00000000e5980000,0x00000000e6480000)
 ParOldGen       total 186880K, used 16596K [0x00000000a0000000, 0x00000000ab680000, 0x00000000e0000000)
  object space 186880K, 8% used [0x00000000a0000000,0x00000000a10352d8,0x00000000ab680000)
 Metaspace       used 40260K, capacity 41170K, committed 41472K, reserved 1085440K
  class space    used 5492K, capacity 5776K, committed 5888K, reserved 1048576K
Event: 8.977 GC heap after
Heap after GC invocations=9 (full 2):
 PSYoungGen      total 102912K, used 9950K [0x00000000e0000000, 0x00000000e9300000, 0x0000000100000000)
  eden space 91648K, 0% used [0x00000000e0000000,0x00000000e0000000,0x00000000e5980000)
  from space 11264K, 88% used [0x00000000e5980000,0x00000000e6337a40,0x00000000e6480000)
  to   space 11776K, 0% used [0x00000000e8780000,0x00000000e8780000,0x00000000e9300000)
 ParOldGen       total 186880K, used 16604K [0x00000000a0000000, 0x00000000ab680000, 0x00000000e0000000)
  object space 186880K, 8% used [0x00000000a0000000,0x00000000a10372d8,0x00000000ab680000)
 Metaspace       used 40260K, capacity 41170K, committed 41472K, reserved 1085440K
  class space    used 5492K, capacity 5776K, committed 5888K, reserved 1048576K
}
Event: 10.708 GC heap before
{Heap before GC invocations=10 (full 2):
 PSYoungGen      total 102912K, used 101598K [0x00000000e0000000, 0x00000000e9300000, 0x0000000100000000)
  eden space 91648K, 100% used [0x00000000e0000000,0x00000000e5980000,0x00000000e5980000)
  from space 11264K, 88% used [0x00000000e5980000,0x00000000e6337a40,0x00000000e6480000)
  to   space 11776K, 0% used [0x00000000e8780000,0x00000000e8780000,0x00000000e9300000)
 ParOldGen       total 186880K, used 16604K [0x00000000a0000000, 0x00000000ab680000, 0x00000000e0000000)
  object space 186880K, 8% used [0x00000000a0000000,0x00000000a10372d8,0x00000000ab680000)
 Metaspace       used 47091K, capacity 48294K, committed 48512K, reserved 1091584K
  class space    used 6415K, capacity 6779K, committed 6784K, reserved 1048576K
Event: 10.722 GC heap after
Heap after GC invocations=10 (full 2):
 PSYoungGen      total 136704K, used 11745K [0x00000000e0000000, 0x00000000e9700000, 0x0000000100000000)
  eden space 124928K, 0% used [0x00000000e0000000,0x00000000e0000000,0x00000000e7a00000)
  from space 11776K, 99% used [0x00000000e8780000,0x00000000e92f8520,0x00000000e9300000)
  to   space 13824K, 0% used [0x00000000e7a00000,0x00000000e7a00000,0x00000000e8780000)
 ParOldGen       total 186880K, used 20011K [0x00000000a0000000, 0x00000000ab680000, 0x00000000e0000000)
  object space 186880K, 10% used [0x00000000a0000000,0x00000000a138ae30,0x00000000ab680000)
 Metaspace       used 47091K, capacity 48294K, committed 48512K, reserved 1091584K
  class space    used 6415K, capacity 6779K, committed 6784K, reserved 1048576K
}

